Command line:
   usr_isim_beh.exe
     -simmode  gui
     -simrunnum  1
     -socket  50330

Fri Oct 18 17:10:33 2024


 Elaboration Time: 0.03125 sec

 Current Memory Usage: 5151.29 Meg

 Total Signals          : 8
 Total Nets             : 18
 Total Signal Drivers   : 3
 Total Blocks           : 3
 Total Primitive Blocks : 3
 Total Processes        : 1
 Total Traceable Variables  : 13
 Total Scalar Nets and Variables : 501
Total Line Count : 18

 Total Simulation Time: 0.03125 sec

 Current Memory Usage: 5151.29 Meg

Fri Oct 18 17:10:44 2024

